0 info it worked if it ends with ok
1 verbose cli [
1 verbose cli   '/opt/plesk/node/12/bin/node',
1 verbose cli   '/opt/plesk/node/12/bin/npm',
1 verbose cli   'run',
1 verbose cli   'start'
1 verbose cli ]
2 info using npm@6.9.0
3 info using node@v12.4.0
4 verbose run-script [ 'prestart', 'start', 'poststart' ]
5 info lifecycle frontend@0.1.0~prestart: frontend@0.1.0
6 info lifecycle frontend@0.1.0~start: frontend@0.1.0
7 verbose lifecycle frontend@0.1.0~start: unsafe-perm in lifecycle true
8 verbose lifecycle frontend@0.1.0~start: PATH: /opt/plesk/node/12/lib/node_modules/npm/node_modules/npm-lifecycle/node-gyp-bin:/var/www/vhosts/22108097471.thesite.link/httpdocs/grand/frontend/node_modules/.bin:/opt/plesk/node/12/bin:/var/www/vhosts/22108097471.thesite.link/.rbenv/shims:/usr/local/sbin:/usr/local/bin:/usr/sbin:/usr/bin:/sbin:/bin
9 verbose lifecycle frontend@0.1.0~start: CWD: /var/www/vhosts/22108097471.thesite.link/httpdocs/grand/frontend
10 silly lifecycle frontend@0.1.0~start: Args: [ '-c', 'react-scripts start' ]
11 silly lifecycle frontend@0.1.0~start: Returned: code: 126  signal: null
12 info lifecycle frontend@0.1.0~start: Failed to exec start script
13 verbose stack Error: frontend@0.1.0 start: `react-scripts start`
13 verbose stack Exit status 126
13 verbose stack     at EventEmitter.<anonymous> (/opt/plesk/node/12/lib/node_modules/npm/node_modules/npm-lifecycle/index.js:301:16)
13 verbose stack     at EventEmitter.emit (events.js:200:13)
13 verbose stack     at ChildProcess.<anonymous> (/opt/plesk/node/12/lib/node_modules/npm/node_modules/npm-lifecycle/lib/spawn.js:55:14)
13 verbose stack     at ChildProcess.emit (events.js:200:13)
13 verbose stack     at maybeClose (internal/child_process.js:1021:16)
13 verbose stack     at Process.ChildProcess._handle.onexit (internal/child_process.js:283:5)
14 verbose pkgid frontend@0.1.0
15 verbose cwd /var/www/vhosts/22108097471.thesite.link/httpdocs/grand/frontend
16 verbose Linux 3.10.0-962.3.2.lve1.5.38.el7.x86_64
17 verbose argv "/opt/plesk/node/12/bin/node" "/opt/plesk/node/12/bin/npm" "run" "start"
18 verbose node v12.4.0
19 verbose npm  v6.9.0
20 error code ELIFECYCLE
21 error errno 126
22 error frontend@0.1.0 start: `react-scripts start`
22 error Exit status 126
23 error Failed at the frontend@0.1.0 start script.
23 error This is probably not a problem with npm. There is likely additional logging output above.
24 verbose exit [ 126, true ]
